<?xml version="1.0" encoding="UTF-8"?>
<testsuite xmlns:xsi="http://www.w3.org/2001/XMLSchema-instance" xsi:noNamespaceSchemaLocation="https://maven.apache.org/surefire/maven-surefire-plugin/xsd/surefire-test-report-3.0.xsd" version="3.0" name="vikingar.usermanager.UserManagerAppliUserionTests" time="3.037" tests="1" errors="0" skipped="0" failures="0">
  <properties>
    <property name="java.specification.version" value="17"/>
    <property name="sun.cpu.isalist" value="amd64"/>
    <property name="sun.jnu.encoding" value="GBK"/>
    <property name="java.class.path" value="E:\Dev\Java\Project\Practice\user-manager\target\test-classes;E:\Dev\Java\Project\Practice\user-manager\target\classes;E:\Dev\Java\Tools\apache-maven-3.9.6\repo\org\springframework\boot\spring-boot-starter-web\3.2.1\spring-boot-starter-web-3.2.1.jar;E:\Dev\Java\Tools\apache-maven-3.9.6\repo\org\springframework\boot\spring-boot-starter\3.2.1\spring-boot-starter-3.2.1.jar;E:\Dev\Java\Tools\apache-maven-3.9.6\repo\org\springframework\boot\spring-boot\3.2.1\spring-boot-3.2.1.jar;E:\Dev\Java\Tools\apache-maven-3.9.6\repo\org\springframework\boot\spring-boot-autoconfigure\3.2.1\spring-boot-autoconfigure-3.2.1.jar;E:\Dev\Java\Tools\apache-maven-3.9.6\repo\org\springframework\boot\spring-boot-starter-logging\3.2.1\spring-boot-starter-logging-3.2.1.jar;E:\Dev\Java\Tools\apache-maven-3.9.6\repo\ch\qos\logback\logback-classic\1.4.14\logback-classic-1.4.14.jar;E:\Dev\Java\Tools\apache-maven-3.9.6\repo\ch\qos\logback\logback-core\1.4.14\logback-core-1.4.14.jar;E:\Dev\Java\Tools\apache-maven-3.9.6\repo\org\apache\logging\log4j\log4j-to-slf4j\2.21.1\log4j-to-slf4j-2.21.1.jar;E:\Dev\Java\Tools\apache-maven-3.9.6\repo\org\apache\logging\log4j\log4j-api\2.21.1\log4j-api-2.21.1.jar;E:\Dev\Java\Tools\apache-maven-3.9.6\repo\org\slf4j\jul-to-slf4j\2.0.9\jul-to-slf4j-2.0.9.jar;E:\Dev\Java\Tools\apache-maven-3.9.6\repo\jakarta\annotation\jakarta.annotation-api\2.1.1\jakarta.annotation-api-2.1.1.jar;E:\Dev\Java\Tools\apache-maven-3.9.6\repo\org\yaml\snakeyaml\2.2\snakeyaml-2.2.jar;E:\Dev\Java\Tools\apache-maven-3.9.6\repo\org\springframework\boot\spring-boot-starter-json\3.2.1\spring-boot-starter-json-3.2.1.jar;E:\Dev\Java\Tools\apache-maven-3.9.6\repo\com\fasterxml\jackson\core\jackson-databind\2.15.3\jackson-databind-2.15.3.jar;E:\Dev\Java\Tools\apache-maven-3.9.6\repo\com\fasterxml\jackson\core\jackson-annotations\2.15.3\jackson-annotations-2.15.3.jar;E:\Dev\Java\Tools\apache-maven-3.9.6\repo\com\fasterxml\jackson\core\jackson-core\2.15.3\jackson-core-2.15.3.jar;E:\Dev\Java\Tools\apache-maven-3.9.6\repo\com\fasterxml\jackson\datatype\jackson-datatype-jdk8\2.15.3\jackson-datatype-jdk8-2.15.3.jar;E:\Dev\Java\Tools\apache-maven-3.9.6\repo\com\fasterxml\jackson\datatype\jackson-datatype-jsr310\2.15.3\jackson-datatype-jsr310-2.15.3.jar;E:\Dev\Java\Tools\apache-maven-3.9.6\repo\com\fasterxml\jackson\module\jackson-module-parameter-names\2.15.3\jackson-module-parameter-names-2.15.3.jar;E:\Dev\Java\Tools\apache-maven-3.9.6\repo\org\springframework\boot\spring-boot-starter-tomcat\3.2.1\spring-boot-starter-tomcat-3.2.1.jar;E:\Dev\Java\Tools\apache-maven-3.9.6\repo\org\apache\tomcat\embed\tomcat-embed-core\10.1.17\tomcat-embed-core-10.1.17.jar;E:\Dev\Java\Tools\apache-maven-3.9.6\repo\org\apache\tomcat\embed\tomcat-embed-el\10.1.17\tomcat-embed-el-10.1.17.jar;E:\Dev\Java\Tools\apache-maven-3.9.6\repo\org\apache\tomcat\embed\tomcat-embed-websocket\10.1.17\tomcat-embed-websocket-10.1.17.jar;E:\Dev\Java\Tools\apache-maven-3.9.6\repo\org\springframework\spring-web\6.1.2\spring-web-6.1.2.jar;E:\Dev\Java\Tools\apache-maven-3.9.6\repo\org\springframework\spring-beans\6.1.2\spring-beans-6.1.2.jar;E:\Dev\Java\Tools\apache-maven-3.9.6\repo\io\micrometer\micrometer-observation\1.12.1\micrometer-observation-1.12.1.jar;E:\Dev\Java\Tools\apache-maven-3.9.6\repo\io\micrometer\micrometer-commons\1.12.1\micrometer-commons-1.12.1.jar;E:\Dev\Java\Tools\apache-maven-3.9.6\repo\org\springframework\spring-webmvc\6.1.2\spring-webmvc-6.1.2.jar;E:\Dev\Java\Tools\apache-maven-3.9.6\repo\org\springframework\spring-aop\6.1.2\spring-aop-6.1.2.jar;E:\Dev\Java\Tools\apache-maven-3.9.6\repo\org\springframework\spring-context\6.1.2\spring-context-6.1.2.jar;E:\Dev\Java\Tools\apache-maven-3.9.6\repo\org\springframework\spring-expression\6.1.2\spring-expression-6.1.2.jar;E:\Dev\Java\Tools\apache-maven-3.9.6\repo\org\springframework\boot\spring-boot-starter-test\3.2.1\spring-boot-starter-test-3.2.1.jar;E:\Dev\Java\Tools\apache-maven-3.9.6\repo\org\springframework\boot\spring-boot-test\3.2.1\spring-boot-test-3.2.1.jar;E:\Dev\Java\Tools\apache-maven-3.9.6\repo\org\springframework\boot\spring-boot-test-autoconfigure\3.2.1\spring-boot-test-autoconfigure-3.2.1.jar;E:\Dev\Java\Tools\apache-maven-3.9.6\repo\com\jayway\jsonpath\json-path\2.8.0\json-path-2.8.0.jar;E:\Dev\Java\Tools\apache-maven-3.9.6\repo\org\slf4j\slf4j-api\2.0.9\slf4j-api-2.0.9.jar;E:\Dev\Java\Tools\apache-maven-3.9.6\repo\jakarta\xml\bind\jakarta.xml.bind-api\4.0.1\jakarta.xml.bind-api-4.0.1.jar;E:\Dev\Java\Tools\apache-maven-3.9.6\repo\jakarta\activation\jakarta.activation-api\2.1.2\jakarta.activation-api-2.1.2.jar;E:\Dev\Java\Tools\apache-maven-3.9.6\repo\net\minidev\json-smart\2.5.0\json-smart-2.5.0.jar;E:\Dev\Java\Tools\apache-maven-3.9.6\repo\net\minidev\accessors-smart\2.5.0\accessors-smart-2.5.0.jar;E:\Dev\Java\Tools\apache-maven-3.9.6\repo\org\ow2\asm\asm\9.3\asm-9.3.jar;E:\Dev\Java\Tools\apache-maven-3.9.6\repo\org\assertj\assertj-core\3.24.2\assertj-core-3.24.2.jar;E:\Dev\Java\Tools\apache-maven-3.9.6\repo\net\bytebuddy\byte-buddy\1.14.10\byte-buddy-1.14.10.jar;E:\Dev\Java\Tools\apache-maven-3.9.6\repo\org\awaitility\awaitility\4.2.0\awaitility-4.2.0.jar;E:\Dev\Java\Tools\apache-maven-3.9.6\repo\org\hamcrest\hamcrest\2.2\hamcrest-2.2.jar;E:\Dev\Java\Tools\apache-maven-3.9.6\repo\org\junit\jupiter\junit-jupiter\5.10.1\junit-jupiter-5.10.1.jar;E:\Dev\Java\Tools\apache-maven-3.9.6\repo\org\junit\jupiter\junit-jupiter-api\5.10.1\junit-jupiter-api-5.10.1.jar;E:\Dev\Java\Tools\apache-maven-3.9.6\repo\org\opentest4j\opentest4j\1.3.0\opentest4j-1.3.0.jar;E:\Dev\Java\Tools\apache-maven-3.9.6\repo\org\junit\platform\junit-platform-commons\1.10.1\junit-platform-commons-1.10.1.jar;E:\Dev\Java\Tools\apache-maven-3.9.6\repo\org\apiguardian\apiguardian-api\1.1.2\apiguardian-api-1.1.2.jar;E:\Dev\Java\Tools\apache-maven-3.9.6\repo\org\junit\jupiter\junit-jupiter-params\5.10.1\junit-jupiter-params-5.10.1.jar;E:\Dev\Java\Tools\apache-maven-3.9.6\repo\org\junit\jupiter\junit-jupiter-engine\5.10.1\junit-jupiter-engine-5.10.1.jar;E:\Dev\Java\Tools\apache-maven-3.9.6\repo\org\junit\platform\junit-platform-engine\1.10.1\junit-platform-engine-1.10.1.jar;E:\Dev\Java\Tools\apache-maven-3.9.6\repo\org\mockito\mockito-core\5.7.0\mockito-core-5.7.0.jar;E:\Dev\Java\Tools\apache-maven-3.9.6\repo\net\bytebuddy\byte-buddy-agent\1.14.10\byte-buddy-agent-1.14.10.jar;E:\Dev\Java\Tools\apache-maven-3.9.6\repo\org\objenesis\objenesis\3.3\objenesis-3.3.jar;E:\Dev\Java\Tools\apache-maven-3.9.6\repo\org\mockito\mockito-junit-jupiter\5.7.0\mockito-junit-jupiter-5.7.0.jar;E:\Dev\Java\Tools\apache-maven-3.9.6\repo\org\skyscreamer\jsonassert\1.5.1\jsonassert-1.5.1.jar;E:\Dev\Java\Tools\apache-maven-3.9.6\repo\com\vaadin\external\google\android-json\0.0.20131108.vaadin1\android-json-0.0.20131108.vaadin1.jar;E:\Dev\Java\Tools\apache-maven-3.9.6\repo\org\springframework\spring-core\6.1.2\spring-core-6.1.2.jar;E:\Dev\Java\Tools\apache-maven-3.9.6\repo\org\springframework\spring-jcl\6.1.2\spring-jcl-6.1.2.jar;E:\Dev\Java\Tools\apache-maven-3.9.6\repo\org\springframework\spring-test\6.1.2\spring-test-6.1.2.jar;E:\Dev\Java\Tools\apache-maven-3.9.6\repo\org\xmlunit\xmlunit-core\2.9.1\xmlunit-core-2.9.1.jar;E:\Dev\Java\Tools\apache-maven-3.9.6\repo\org\springframework\boot\spring-boot-starter-thymeleaf\3.2.1\spring-boot-starter-thymeleaf-3.2.1.jar;E:\Dev\Java\Tools\apache-maven-3.9.6\repo\org\thymeleaf\thymeleaf-spring6\3.1.2.RELEASE\thymeleaf-spring6-3.1.2.RELEASE.jar;E:\Dev\Java\Tools\apache-maven-3.9.6\repo\org\thymeleaf\thymeleaf\3.1.2.RELEASE\thymeleaf-3.1.2.RELEASE.jar;E:\Dev\Java\Tools\apache-maven-3.9.6\repo\org\attoparser\attoparser\2.0.7.RELEASE\attoparser-2.0.7.RELEASE.jar;E:\Dev\Java\Tools\apache-maven-3.9.6\repo\org\unbescape\unbescape\1.1.6.RELEASE\unbescape-1.1.6.RELEASE.jar;E:\Dev\Java\Tools\apache-maven-3.9.6\repo\mysql\mysql-connector-java\8.0.25\mysql-connector-java-8.0.25.jar;E:\Dev\Java\Tools\apache-maven-3.9.6\repo\com\google\protobuf\protobuf-java\3.11.4\protobuf-java-3.11.4.jar;E:\Dev\Java\Tools\apache-maven-3.9.6\repo\org\mybatis\spring\boot\mybatis-spring-boot-starter\3.0.3\mybatis-spring-boot-starter-3.0.3.jar;E:\Dev\Java\Tools\apache-maven-3.9.6\repo\org\springframework\boot\spring-boot-starter-jdbc\3.2.1\spring-boot-starter-jdbc-3.2.1.jar;E:\Dev\Java\Tools\apache-maven-3.9.6\repo\com\zaxxer\HikariCP\5.0.1\HikariCP-5.0.1.jar;E:\Dev\Java\Tools\apache-maven-3.9.6\repo\org\springframework\spring-jdbc\6.1.2\spring-jdbc-6.1.2.jar;E:\Dev\Java\Tools\apache-maven-3.9.6\repo\org\springframework\spring-tx\6.1.2\spring-tx-6.1.2.jar;E:\Dev\Java\Tools\apache-maven-3.9.6\repo\org\mybatis\spring\boot\mybatis-spring-boot-autoconfigure\3.0.3\mybatis-spring-boot-autoconfigure-3.0.3.jar;E:\Dev\Java\Tools\apache-maven-3.9.6\repo\org\mybatis\mybatis\3.5.14\mybatis-3.5.14.jar;E:\Dev\Java\Tools\apache-maven-3.9.6\repo\org\mybatis\mybatis-spring\3.0.3\mybatis-spring-3.0.3.jar;E:\Dev\Java\Tools\apache-maven-3.9.6\repo\org\projectlombok\lombok\1.18.30\lombok-1.18.30.jar;E:\Dev\Java\Tools\apache-maven-3.9.6\repo\com\alibaba\druid\1.2.4\druid-1.2.4.jar;E:\Dev\Java\Tools\apache-maven-3.9.6\repo\javax\annotation\javax.annotation-api\1.3.2\javax.annotation-api-1.3.2.jar;E:\Dev\Java\Tools\apache-maven-3.9.6\repo\com\github\pagehelper\pagehelper-spring-boot-starter\1.3.0\pagehelper-spring-boot-starter-1.3.0.jar;E:\Dev\Java\Tools\apache-maven-3.9.6\repo\com\github\pagehelper\pagehelper-spring-boot-autoconfigure\1.3.0\pagehelper-spring-boot-autoconfigure-1.3.0.jar;E:\Dev\Java\Tools\apache-maven-3.9.6\repo\com\github\pagehelper\pagehelper\5.2.0\pagehelper-5.2.0.jar;E:\Dev\Java\Tools\apache-maven-3.9.6\repo\com\github\jsqlparser\jsqlparser\3.2\jsqlparser-3.2.jar;"/>
    <property name="java.vm.vendor" value="Oracle Corporation"/>
    <property name="sun.arch.data.model" value="64"/>
    <property name="user.variant" value=""/>
    <property name="java.vendor.url" value="https://java.oracle.com/"/>
    <property name="user.timezone" value="Asia/Shanghai"/>
    <property name="os.name" value="Windows 11"/>
    <property name="java.vm.specification.version" value="17"/>
    <property name="user.country" value="CN"/>
    <property name="sun.java.launcher" value="SUN_STANDARD"/>
    <property name="sun.boot.library.path" value="E:\Dev\Java\IDE\SDK\jdk-17\bin"/>
    <property name="sun.java.command" value="C:\Users\vikingar\AppData\Local\Temp\surefire17914505938974578604\surefirebooter-20240109185346184_3.jar C:\Users\vikingar\AppData\Local\Temp\surefire17914505938974578604 2024-01-09T18-53-40_453-jvmRun1 surefire-20240109185346184_1tmp surefire_0-20240109185346184_2tmp"/>
    <property name="jdk.debug" value="release"/>
    <property name="surefire.test.class.path" value="E:\Dev\Java\Project\Practice\user-manager\target\test-classes;E:\Dev\Java\Project\Practice\user-manager\target\classes;E:\Dev\Java\Tools\apache-maven-3.9.6\repo\org\springframework\boot\spring-boot-starter-web\3.2.1\spring-boot-starter-web-3.2.1.jar;E:\Dev\Java\Tools\apache-maven-3.9.6\repo\org\springframework\boot\spring-boot-starter\3.2.1\spring-boot-starter-3.2.1.jar;E:\Dev\Java\Tools\apache-maven-3.9.6\repo\org\springframework\boot\spring-boot\3.2.1\spring-boot-3.2.1.jar;E:\Dev\Java\Tools\apache-maven-3.9.6\repo\org\springframework\boot\spring-boot-autoconfigure\3.2.1\spring-boot-autoconfigure-3.2.1.jar;E:\Dev\Java\Tools\apache-maven-3.9.6\repo\org\springframework\boot\spring-boot-starter-logging\3.2.1\spring-boot-starter-logging-3.2.1.jar;E:\Dev\Java\Tools\apache-maven-3.9.6\repo\ch\qos\logback\logback-classic\1.4.14\logback-classic-1.4.14.jar;E:\Dev\Java\Tools\apache-maven-3.9.6\repo\ch\qos\logback\logback-core\1.4.14\logback-core-1.4.14.jar;E:\Dev\Java\Tools\apache-maven-3.9.6\repo\org\apache\logging\log4j\log4j-to-slf4j\2.21.1\log4j-to-slf4j-2.21.1.jar;E:\Dev\Java\Tools\apache-maven-3.9.6\repo\org\apache\logging\log4j\log4j-api\2.21.1\log4j-api-2.21.1.jar;E:\Dev\Java\Tools\apache-maven-3.9.6\repo\org\slf4j\jul-to-slf4j\2.0.9\jul-to-slf4j-2.0.9.jar;E:\Dev\Java\Tools\apache-maven-3.9.6\repo\jakarta\annotation\jakarta.annotation-api\2.1.1\jakarta.annotation-api-2.1.1.jar;E:\Dev\Java\Tools\apache-maven-3.9.6\repo\org\yaml\snakeyaml\2.2\snakeyaml-2.2.jar;E:\Dev\Java\Tools\apache-maven-3.9.6\repo\org\springframework\boot\spring-boot-starter-json\3.2.1\spring-boot-starter-json-3.2.1.jar;E:\Dev\Java\Tools\apache-maven-3.9.6\repo\com\fasterxml\jackson\core\jackson-databind\2.15.3\jackson-databind-2.15.3.jar;E:\Dev\Java\Tools\apache-maven-3.9.6\repo\com\fasterxml\jackson\core\jackson-annotations\2.15.3\jackson-annotations-2.15.3.jar;E:\Dev\Java\Tools\apache-maven-3.9.6\repo\com\fasterxml\jackson\core\jackson-core\2.15.3\jackson-core-2.15.3.jar;E:\Dev\Java\Tools\apache-maven-3.9.6\repo\com\fasterxml\jackson\datatype\jackson-datatype-jdk8\2.15.3\jackson-datatype-jdk8-2.15.3.jar;E:\Dev\Java\Tools\apache-maven-3.9.6\repo\com\fasterxml\jackson\datatype\jackson-datatype-jsr310\2.15.3\jackson-datatype-jsr310-2.15.3.jar;E:\Dev\Java\Tools\apache-maven-3.9.6\repo\com\fasterxml\jackson\module\jackson-module-parameter-names\2.15.3\jackson-module-parameter-names-2.15.3.jar;E:\Dev\Java\Tools\apache-maven-3.9.6\repo\org\springframework\boot\spring-boot-starter-tomcat\3.2.1\spring-boot-starter-tomcat-3.2.1.jar;E:\Dev\Java\Tools\apache-maven-3.9.6\repo\org\apache\tomcat\embed\tomcat-embed-core\10.1.17\tomcat-embed-core-10.1.17.jar;E:\Dev\Java\Tools\apache-maven-3.9.6\repo\org\apache\tomcat\embed\tomcat-embed-el\10.1.17\tomcat-embed-el-10.1.17.jar;E:\Dev\Java\Tools\apache-maven-3.9.6\repo\org\apache\tomcat\embed\tomcat-embed-websocket\10.1.17\tomcat-embed-websocket-10.1.17.jar;E:\Dev\Java\Tools\apache-maven-3.9.6\repo\org\springframework\spring-web\6.1.2\spring-web-6.1.2.jar;E:\Dev\Java\Tools\apache-maven-3.9.6\repo\org\springframework\spring-beans\6.1.2\spring-beans-6.1.2.jar;E:\Dev\Java\Tools\apache-maven-3.9.6\repo\io\micrometer\micrometer-observation\1.12.1\micrometer-observation-1.12.1.jar;E:\Dev\Java\Tools\apache-maven-3.9.6\repo\io\micrometer\micrometer-commons\1.12.1\micrometer-commons-1.12.1.jar;E:\Dev\Java\Tools\apache-maven-3.9.6\repo\org\springframework\spring-webmvc\6.1.2\spring-webmvc-6.1.2.jar;E:\Dev\Java\Tools\apache-maven-3.9.6\repo\org\springframework\spring-aop\6.1.2\spring-aop-6.1.2.jar;E:\Dev\Java\Tools\apache-maven-3.9.6\repo\org\springframework\spring-context\6.1.2\spring-context-6.1.2.jar;E:\Dev\Java\Tools\apache-maven-3.9.6\repo\org\springframework\spring-expression\6.1.2\spring-expression-6.1.2.jar;E:\Dev\Java\Tools\apache-maven-3.9.6\repo\org\springframework\boot\spring-boot-starter-test\3.2.1\spring-boot-starter-test-3.2.1.jar;E:\Dev\Java\Tools\apache-maven-3.9.6\repo\org\springframework\boot\spring-boot-test\3.2.1\spring-boot-test-3.2.1.jar;E:\Dev\Java\Tools\apache-maven-3.9.6\repo\org\springframework\boot\spring-boot-test-autoconfigure\3.2.1\spring-boot-test-autoconfigure-3.2.1.jar;E:\Dev\Java\Tools\apache-maven-3.9.6\repo\com\jayway\jsonpath\json-path\2.8.0\json-path-2.8.0.jar;E:\Dev\Java\Tools\apache-maven-3.9.6\repo\org\slf4j\slf4j-api\2.0.9\slf4j-api-2.0.9.jar;E:\Dev\Java\Tools\apache-maven-3.9.6\repo\jakarta\xml\bind\jakarta.xml.bind-api\4.0.1\jakarta.xml.bind-api-4.0.1.jar;E:\Dev\Java\Tools\apache-maven-3.9.6\repo\jakarta\activation\jakarta.activation-api\2.1.2\jakarta.activation-api-2.1.2.jar;E:\Dev\Java\Tools\apache-maven-3.9.6\repo\net\minidev\json-smart\2.5.0\json-smart-2.5.0.jar;E:\Dev\Java\Tools\apache-maven-3.9.6\repo\net\minidev\accessors-smart\2.5.0\accessors-smart-2.5.0.jar;E:\Dev\Java\Tools\apache-maven-3.9.6\repo\org\ow2\asm\asm\9.3\asm-9.3.jar;E:\Dev\Java\Tools\apache-maven-3.9.6\repo\org\assertj\assertj-core\3.24.2\assertj-core-3.24.2.jar;E:\Dev\Java\Tools\apache-maven-3.9.6\repo\net\bytebuddy\byte-buddy\1.14.10\byte-buddy-1.14.10.jar;E:\Dev\Java\Tools\apache-maven-3.9.6\repo\org\awaitility\awaitility\4.2.0\awaitility-4.2.0.jar;E:\Dev\Java\Tools\apache-maven-3.9.6\repo\org\hamcrest\hamcrest\2.2\hamcrest-2.2.jar;E:\Dev\Java\Tools\apache-maven-3.9.6\repo\org\junit\jupiter\junit-jupiter\5.10.1\junit-jupiter-5.10.1.jar;E:\Dev\Java\Tools\apache-maven-3.9.6\repo\org\junit\jupiter\junit-jupiter-api\5.10.1\junit-jupiter-api-5.10.1.jar;E:\Dev\Java\Tools\apache-maven-3.9.6\repo\org\opentest4j\opentest4j\1.3.0\opentest4j-1.3.0.jar;E:\Dev\Java\Tools\apache-maven-3.9.6\repo\org\junit\platform\junit-platform-commons\1.10.1\junit-platform-commons-1.10.1.jar;E:\Dev\Java\Tools\apache-maven-3.9.6\repo\org\apiguardian\apiguardian-api\1.1.2\apiguardian-api-1.1.2.jar;E:\Dev\Java\Tools\apache-maven-3.9.6\repo\org\junit\jupiter\junit-jupiter-params\5.10.1\junit-jupiter-params-5.10.1.jar;E:\Dev\Java\Tools\apache-maven-3.9.6\repo\org\junit\jupiter\junit-jupiter-engine\5.10.1\junit-jupiter-engine-5.10.1.jar;E:\Dev\Java\Tools\apache-maven-3.9.6\repo\org\junit\platform\junit-platform-engine\1.10.1\junit-platform-engine-1.10.1.jar;E:\Dev\Java\Tools\apache-maven-3.9.6\repo\org\mockito\mockito-core\5.7.0\mockito-core-5.7.0.jar;E:\Dev\Java\Tools\apache-maven-3.9.6\repo\net\bytebuddy\byte-buddy-agent\1.14.10\byte-buddy-agent-1.14.10.jar;E:\Dev\Java\Tools\apache-maven-3.9.6\repo\org\objenesis\objenesis\3.3\objenesis-3.3.jar;E:\Dev\Java\Tools\apache-maven-3.9.6\repo\org\mockito\mockito-junit-jupiter\5.7.0\mockito-junit-jupiter-5.7.0.jar;E:\Dev\Java\Tools\apache-maven-3.9.6\repo\org\skyscreamer\jsonassert\1.5.1\jsonassert-1.5.1.jar;E:\Dev\Java\Tools\apache-maven-3.9.6\repo\com\vaadin\external\google\android-json\0.0.20131108.vaadin1\android-json-0.0.20131108.vaadin1.jar;E:\Dev\Java\Tools\apache-maven-3.9.6\repo\org\springframework\spring-core\6.1.2\spring-core-6.1.2.jar;E:\Dev\Java\Tools\apache-maven-3.9.6\repo\org\springframework\spring-jcl\6.1.2\spring-jcl-6.1.2.jar;E:\Dev\Java\Tools\apache-maven-3.9.6\repo\org\springframework\spring-test\6.1.2\spring-test-6.1.2.jar;E:\Dev\Java\Tools\apache-maven-3.9.6\repo\org\xmlunit\xmlunit-core\2.9.1\xmlunit-core-2.9.1.jar;E:\Dev\Java\Tools\apache-maven-3.9.6\repo\org\springframework\boot\spring-boot-starter-thymeleaf\3.2.1\spring-boot-starter-thymeleaf-3.2.1.jar;E:\Dev\Java\Tools\apache-maven-3.9.6\repo\org\thymeleaf\thymeleaf-spring6\3.1.2.RELEASE\thymeleaf-spring6-3.1.2.RELEASE.jar;E:\Dev\Java\Tools\apache-maven-3.9.6\repo\org\thymeleaf\thymeleaf\3.1.2.RELEASE\thymeleaf-3.1.2.RELEASE.jar;E:\Dev\Java\Tools\apache-maven-3.9.6\repo\org\attoparser\attoparser\2.0.7.RELEASE\attoparser-2.0.7.RELEASE.jar;E:\Dev\Java\Tools\apache-maven-3.9.6\repo\org\unbescape\unbescape\1.1.6.RELEASE\unbescape-1.1.6.RELEASE.jar;E:\Dev\Java\Tools\apache-maven-3.9.6\repo\mysql\mysql-connector-java\8.0.25\mysql-connector-java-8.0.25.jar;E:\Dev\Java\Tools\apache-maven-3.9.6\repo\com\google\protobuf\protobuf-java\3.11.4\protobuf-java-3.11.4.jar;E:\Dev\Java\Tools\apache-maven-3.9.6\repo\org\mybatis\spring\boot\mybatis-spring-boot-starter\3.0.3\mybatis-spring-boot-starter-3.0.3.jar;E:\Dev\Java\Tools\apache-maven-3.9.6\repo\org\springframework\boot\spring-boot-starter-jdbc\3.2.1\spring-boot-starter-jdbc-3.2.1.jar;E:\Dev\Java\Tools\apache-maven-3.9.6\repo\com\zaxxer\HikariCP\5.0.1\HikariCP-5.0.1.jar;E:\Dev\Java\Tools\apache-maven-3.9.6\repo\org\springframework\spring-jdbc\6.1.2\spring-jdbc-6.1.2.jar;E:\Dev\Java\Tools\apache-maven-3.9.6\repo\org\springframework\spring-tx\6.1.2\spring-tx-6.1.2.jar;E:\Dev\Java\Tools\apache-maven-3.9.6\repo\org\mybatis\spring\boot\mybatis-spring-boot-autoconfigure\3.0.3\mybatis-spring-boot-autoconfigure-3.0.3.jar;E:\Dev\Java\Tools\apache-maven-3.9.6\repo\org\mybatis\mybatis\3.5.14\mybatis-3.5.14.jar;E:\Dev\Java\Tools\apache-maven-3.9.6\repo\org\mybatis\mybatis-spring\3.0.3\mybatis-spring-3.0.3.jar;E:\Dev\Java\Tools\apache-maven-3.9.6\repo\org\projectlombok\lombok\1.18.30\lombok-1.18.30.jar;E:\Dev\Java\Tools\apache-maven-3.9.6\repo\com\alibaba\druid\1.2.4\druid-1.2.4.jar;E:\Dev\Java\Tools\apache-maven-3.9.6\repo\javax\annotation\javax.annotation-api\1.3.2\javax.annotation-api-1.3.2.jar;E:\Dev\Java\Tools\apache-maven-3.9.6\repo\com\github\pagehelper\pagehelper-spring-boot-starter\1.3.0\pagehelper-spring-boot-starter-1.3.0.jar;E:\Dev\Java\Tools\apache-maven-3.9.6\repo\com\github\pagehelper\pagehelper-spring-boot-autoconfigure\1.3.0\pagehelper-spring-boot-autoconfigure-1.3.0.jar;E:\Dev\Java\Tools\apache-maven-3.9.6\repo\com\github\pagehelper\pagehelper\5.2.0\pagehelper-5.2.0.jar;E:\Dev\Java\Tools\apache-maven-3.9.6\repo\com\github\jsqlparser\jsqlparser\3.2\jsqlparser-3.2.jar;"/>
    <property name="sun.cpu.endian" value="little"/>
    <property name="user.home" value="C:\Users\vikingar"/>
    <property name="user.language" value="zh"/>
    <property name="java.specification.vendor" value="Oracle Corporation"/>
    <property name="java.version.date" value="2023-10-17"/>
    <property name="java.home" value="E:\Dev\Java\IDE\SDK\jdk-17"/>
    <property name="file.separator" value="\"/>
    <property name="basedir" value="E:\Dev\Java\Project\Practice\user-manager"/>
    <property name="java.vm.compressedOopsMode" value="Zero based"/>
    <property name="line.separator" value="&#10;"/>
    <property name="java.vm.specification.vendor" value="Oracle Corporation"/>
    <property name="java.specification.name" value="Java Platform API Specification"/>
    <property name="FILE_LOG_CHARSET" value="GBK"/>
    <property name="java.awt.headless" value="true"/>
    <property name="surefire.real.class.path" value="C:\Users\vikingar\AppData\Local\Temp\surefire17914505938974578604\surefirebooter-20240109185346184_3.jar"/>
    <property name="user.script" value=""/>
    <property name="sun.management.compiler" value="HotSpot 64-Bit Tiered Compilers"/>
    <property name="java.runtime.version" value="17.0.9+11-LTS-201"/>
    <property name="user.name" value="vikingar"/>
    <property name="path.separator" value=";"/>
    <property name="os.version" value="10.0"/>
    <property name="java.runtime.name" value="Java(TM) SE Runtime Environment"/>
    <property name="file.encoding" value="GBK"/>
    <property name="java.vm.name" value="Java HotSpot(TM) 64-Bit Server VM"/>
    <property name="LOG_FILE" value="log/log.log"/>
    <property name="localRepository" value="E:\Dev\Java\Tools\apache-maven-3.9.6\repo"/>
    <property name="java.vendor.url.bug" value="https://bugreport.java.com/bugreport/"/>
    <property name="java.io.tmpdir" value="C:\Users\vikingar\AppData\Local\Temp\"/>
    <property name="idea.version" value="2023.2.4"/>
    <property name="java.version" value="17.0.9"/>
    <property name="user.dir" value="E:\Dev\Java\Project\Practice\user-manager"/>
    <property name="os.arch" value="amd64"/>
    <property name="java.vm.specification.name" value="Java Virtual Machine Specification"/>
    <property name="PID" value="24876"/>
    <property name="sun.os.patch.level" value=""/>
    <property name="CONSOLE_LOG_CHARSET" value="GBK"/>
    <property name="native.encoding" value="GBK"/>
    <property name="java.library.path" value="E:\Dev\Java\IDE\SDK\jdk-17\bin;C:\Windows\Sun\Java\bin;C:\Windows\system32;C:\Windows;E:\Dev\Tools\VMware\bin\;C:\Program Files\Common Files\Oracle\Java\javapath;E:\Dev\Python\IDE\SDK\CUDA_Manager\CUDA_11.8\CUDA1\bin;E:\Dev\Python\IDE\SDK\CUDA_Manager\CUDA_11.8\CUDA1\libnvvp;C:\Program Files (x86)\Common Files\Oracle\Java\javapath;C:\Windows\system32;C:\Windows;C:\Windows\System32\Wbem;C:\Windows\System32\WindowsPowerShell\v1.0\;C:\Windows\System32\OpenSSH\;C:\Program Files (x86)\NVIDIA Corporation\PhysX\Common;C:\Program Files\NVIDIA Corporation\NVIDIA NvDLISR;C:\Program Files\dotnet\;E:\Dev\Tools\Git\Git\cmd;E:\Dev\Java\IDE\SDK\jdk-17\bin;E:\Dev\Java\Tools\apache-maven-3.9.6\bin;E:\Dev\Python\IDE\SDK\Anaconda3;E:\Dev\Python\IDE\SDK\Anaconda3\Scripts;E:\Dev\Python\IDE\SDK\Anaconda3\Library\mingw-w64\bin;E:\Dev\Python\IDE\SDK\Anaconda3\Library\usr\bin;E:\Dev\Python\IDE\SDK\Anaconda3\Library\bin;C:\Program Files\NVIDIA Corporation\Nsight Compute 2022.3.0\;C:\Users\vikingar\AppData\Local\Microsoft\WindowsApps;;E:\Dev\Tools\VSCode\Microsoft VS Code\bin;."/>
    <property name="java.vm.info" value="mixed mode, sharing"/>
    <property name="java.vendor" value="Oracle Corporation"/>
    <property name="java.vm.version" value="17.0.9+11-LTS-201"/>
    <property name="sun.io.unicode.encoding" value="UnicodeLittle"/>
    <property name="maven.repo.local" value="E:\Dev\Java\Tools\apache-maven-3.9.6\repo"/>
    <property name="java.class.version" value="61.0"/>
  </properties>
  <testcase name="contextLoads" classname="vikingar.usermanager.UserManagerAppliUserionTests" time="0.767">
    <system-out><![CDATA[18:53:46.991 [main] INFO org.springframework.test.context.support.AnnotationConfigContextLoaderUtils -- Could not detect default configuration classes for test class [vikingar.usermanager.UserManagerAppliUserionTests]: UserManagerAppliUserionTests does not declare any static, non-private, non-final, nested classes annotated with @Configuration.
18:53:47.064 [main] INFO org.springframework.boot.test.context.SpringBootTestContextBootstrapper -- Found @SpringBootConfiguration vikingar.usermanager.UserManagerApplication for test class vikingar.usermanager.UserManagerAppliUserionTests

  .   ____          _            __ _ _
 /\\ / ___'_ __ _ _(_)_ __  __ _ \ \ \ \
( ( )\___ | '_ | '_| | '_ \/ _` | \ \ \ \
 \\/  ___)| |_)| | | | | || (_| |  ) ) ) )
  '  |____| .__|_| |_|_| |_\__, | / / / /
 =========|_|==============|___/=/_/_/_/
 :: Spring Boot ::                (v3.2.1)

2024-01-09T18:53:47.463+08:00  INFO 24876 --- [           main] v.u.UserManagerAppliUserionTests         : Starting UserManagerAppliUserionTests using Java 17.0.9 with PID 24876 (started by vikingar in E:\Dev\Java\Project\Practice\user-manager)
2024-01-09T18:53:47.464+08:00  INFO 24876 --- [           main] v.u.UserManagerAppliUserionTests         : No active profile set, falling back to 1 default profile: "default"
2024-01-09T18:53:48.706+08:00  INFO 24876 --- [           main] o.s.b.a.w.s.WelcomePageHandlerMapping    : Adding welcome page template: index
2024-01-09T18:53:49.110+08:00  INFO 24876 --- [           main] v.u.UserManagerAppliUserionTests         : Started UserManagerAppliUserionTests in 1.922 seconds (process running for 2.826)
]]></system-out>
  </testcase>
</testsuite>